<?xml version="1.0" encoding="UTF-8"?>
<!-- Generated by org.testng.reporters.JUnitReportReporter -->
<testsuite hostname="Nischi" name="com.gmail.GmailPage" tests="1" failures="0" timestamp="30 Sep 2015 15:49:04 GMT" time="44.092" errors="0">
  <testcase name="LaunchPortal" time="44.092" classname="com.gmail.GmailPage"/>
</testsuite> <!-- com.gmail.GmailPage -->
