<?xml version="1.0" encoding="UTF-8"?>
<!-- Generated by org.testng.reporters.JUnitReportReporter -->
<testsuite hostname="Nischi" name="com.gmail.GmailPage" tests="1" failures="0" timestamp="30 Sep 2015 17:11:05 GMT" time="61.813" errors="0">
  <testcase name="LaunchPortal" time="61.813" classname="com.gmail.GmailPage"/>
</testsuite> <!-- com.gmail.GmailPage -->
