<?xml version="1.0" encoding="UTF-8"?>
<!-- Generated by org.testng.reporters.JUnitReportReporter -->
<testsuite hostname="Nischi" name="com.gmail.GmailPage" tests="1" failures="0" timestamp="1 Oct 2015 01:29:12 GMT" time="16.717" errors="0">
  <testcase name="GoooleRegistration" time="16.717" classname="com.gmail.GmailPage"/>
</testsuite> <!-- com.gmail.GmailPage -->
